<?xml version="1.0" encoding="UTF-8"?>
<!-- Generated by org.testng.reporters.JUnitXMLReporter -->
<testsuite ignored="0" hostname="LTIN251710" failures="0" tests="8" name="Test" time="110.813" errors="0" timestamp="2024-02-28T17:29:04 IST">
  <testcase classname="testCase.TestCase" name="search_functionality" time="10.507"/>
  <testcase classname="testCase.TestCase" name="filter_functionality" time="5.153"/>
  <testcase classname="testCase.TestCase" name="check_sortfuction" time="1.806"/>
  <testcase classname="testCase.TestCase" name="check_and_print" time="1.934"/>
  <testcase classname="testCase.TestCase" name="submenu_printcheck" time="8.136"/>
  <testcase classname="testCase.TestCase2" name="submenu_printcheck" time="20.993"/>
  <testcase classname="testCase.TestCase3" name="choose_giftcard_validate" time="18.522"/>
  <testcase classname="testCase.TestCase3" name="checkout_validation" time="1.472"/>
</testsuite> <!-- Test -->
