<?xml version="1.0" encoding="UTF-8"?>
<testng-results ignored="0" total="8" passed="8" failed="0" skipped="0">
  <reporter-output>
  </reporter-output>
  <suite started-at="2024-02-28T17:27:12 IST" name="Suite" finished-at="2024-02-28T17:29:03 IST" duration-ms="110813">
    <groups>
    </groups>
    <test started-at="2024-02-28T17:27:12 IST" name="Test" finished-at="2024-02-28T17:29:03 IST" duration-ms="110813">
      <class name="testCase.TestCase3">
        <test-method is-config="true" signature="driverSetup(java.lang.String,java.lang.String)[pri:0, instance:testCase.TestCase3@4d1c005e]" started-at="2024-02-28T17:28:32 IST" name="driverSetup" finished-at="2024-02-28T17:28:41 IST" duration-ms="8890" status="PASS">
          <params>
            <param index="0">
              <value>
                <![CDATA[windows]]>
              </value>
            </param>
            <param index="1">
              <value>
                <![CDATA[chrome]]>
              </value>
            </param>
          </params>
          <reporter-output>
          </reporter-output>
        </test-method> <!-- driverSetup -->
        <test-method signature="choose_giftcard_validate()[pri:0, instance:testCase.TestCase3@4d1c005e]" started-at="2024-02-28T17:28:41 IST" name="choose_giftcard_validate" finished-at="2024-02-28T17:29:00 IST" duration-ms="18522" status="PASS">
          <reporter-output>
          </reporter-output>
        </test-method> <!-- choose_giftcard_validate -->
        <test-method signature="checkout_validation()[pri:1, instance:testCase.TestCase3@4d1c005e]" started-at="2024-02-28T17:29:00 IST" name="checkout_validation" finished-at="2024-02-28T17:29:01 IST" duration-ms="1472" status="PASS">
          <reporter-output>
          </reporter-output>
        </test-method> <!-- checkout_validation -->
        <test-method is-config="true" signature="closeBrowser()[pri:0, instance:testCase.TestCase3@4d1c005e]" started-at="2024-02-28T17:29:02 IST" name="closeBrowser" finished-at="2024-02-28T17:29:03 IST" duration-ms="1238" status="PASS">
          <reporter-output>
          </reporter-output>
        </test-method> <!-- closeBrowser -->
      </class> <!-- testCase.TestCase3 -->
      <class name="testCase.TestCase2">
        <test-method is-config="true" signature="driverSetup(java.lang.String,java.lang.String)[pri:0, instance:testCase.TestCase2@3e08ff24]" started-at="2024-02-28T17:28:00 IST" name="driverSetup" finished-at="2024-02-28T17:28:10 IST" duration-ms="9463" status="PASS">
          <params>
            <param index="0">
              <value>
                <![CDATA[windows]]>
              </value>
            </param>
            <param index="1">
              <value>
                <![CDATA[chrome]]>
              </value>
            </param>
          </params>
          <reporter-output>
          </reporter-output>
        </test-method> <!-- driverSetup -->
        <test-method signature="submenu_printcheck()[pri:0, instance:testCase.TestCase2@3e08ff24]" started-at="2024-02-28T17:28:10 IST" name="submenu_printcheck" finished-at="2024-02-28T17:28:31 IST" duration-ms="20993" status="PASS">
          <reporter-output>
          </reporter-output>
        </test-method> <!-- submenu_printcheck -->
        <test-method is-config="true" signature="closeBrowser()[pri:0, instance:testCase.TestCase2@3e08ff24]" started-at="2024-02-28T17:28:31 IST" name="closeBrowser" finished-at="2024-02-28T17:28:32 IST" duration-ms="1217" status="PASS">
          <reporter-output>
          </reporter-output>
        </test-method> <!-- closeBrowser -->
      </class> <!-- testCase.TestCase2 -->
      <class name="testCase.TestCase">
        <test-method is-config="true" signature="driverSetup(java.lang.String,java.lang.String)[pri:0, instance:testCase.TestCase@6440112d]" started-at="2024-02-28T17:27:13 IST" name="driverSetup" finished-at="2024-02-28T17:27:29 IST" duration-ms="16196" status="PASS">
          <params>
            <param index="0">
              <value>
                <![CDATA[windows]]>
              </value>
            </param>
            <param index="1">
              <value>
                <![CDATA[chrome]]>
              </value>
            </param>
          </params>
          <reporter-output>
          </reporter-output>
        </test-method> <!-- driverSetup -->
        <test-method signature="search_functionality()[pri:0, instance:testCase.TestCase@6440112d]" started-at="2024-02-28T17:27:29 IST" name="search_functionality" finished-at="2024-02-28T17:27:40 IST" duration-ms="10507" status="PASS">
          <reporter-output>
          </reporter-output>
        </test-method> <!-- search_functionality -->
        <test-method signature="filter_functionality()[pri:1, instance:testCase.TestCase@6440112d]" started-at="2024-02-28T17:27:40 IST" name="filter_functionality" finished-at="2024-02-28T17:27:46 IST" duration-ms="5153" status="PASS">
          <reporter-output>
          </reporter-output>
        </test-method> <!-- filter_functionality -->
        <test-method signature="check_sortfuction()[pri:2, instance:testCase.TestCase@6440112d]" started-at="2024-02-28T17:27:46 IST" name="check_sortfuction" finished-at="2024-02-28T17:27:48 IST" duration-ms="1806" status="PASS">
          <reporter-output>
          </reporter-output>
        </test-method> <!-- check_sortfuction -->
        <test-method signature="check_and_print()[pri:3, instance:testCase.TestCase@6440112d]" started-at="2024-02-28T17:27:48 IST" name="check_and_print" finished-at="2024-02-28T17:27:50 IST" duration-ms="1934" status="PASS">
          <reporter-output>
          </reporter-output>
        </test-method> <!-- check_and_print -->
        <test-method signature="submenu_printcheck()[pri:4, instance:testCase.TestCase@6440112d]" started-at="2024-02-28T17:27:50 IST" name="submenu_printcheck" finished-at="2024-02-28T17:27:58 IST" duration-ms="8136" status="PASS">
          <reporter-output>
          </reporter-output>
        </test-method> <!-- submenu_printcheck -->
        <test-method is-config="true" signature="closeBrowser()[pri:0, instance:testCase.TestCase@6440112d]" started-at="2024-02-28T17:27:59 IST" name="closeBrowser" finished-at="2024-02-28T17:28:00 IST" duration-ms="1373" status="PASS">
          <reporter-output>
          </reporter-output>
        </test-method> <!-- closeBrowser -->
      </class> <!-- testCase.TestCase -->
    </test> <!-- Test -->
  </suite> <!-- Suite -->
</testng-results>
